app/build/outputs/mapping/release/seeds.txt
com.uncoalesced.stickykeys.MainActivity_GeneratedInjector
com.uncoalesced.stickykeys.ui.screens.StickersViewModel
com.uncoalesced.stickykeys.StickyKeysApplication_GeneratedInjector
com.uncoalesced.stickykeys.ui.screens.AppSettingsViewModel
com.uncoalesced.stickykeys.ui.screens.KeyboardSettingsViewModel
com.uncoalesced.stickykeys.StickyKeysApplication
com.uncoalesced.stickykeys.MainActivity
com.uncoalesced.stickykeys.ui.screens.TransferShareViewModel
com.uncoalesced.stickykeys.ui.screens.AppSettingsViewModel: AppSettingsViewModel()
com.uncoalesced.stickykeys.ui.screens.TransferShareViewModel: TransferShareViewModel()
com.uncoalesced.stickykeys.StickyKeysApplication: StickyKeysApplication()
com.uncoalesced.stickykeys.MainActivity: MainActivity()
com.uncoalesced.stickykeys.ui.screens.KeyboardSettingsViewModel: KeyboardSettingsViewModel()
com.uncoalesced.stickykeys.ui.screens.StickersViewModel: StickersViewModel()
...
androidx.compose.ui.platform.Api35Impl: void setRequestedFrameRate(android.view.View,float)
androidx.compose.ui.platform.AndroidComposeView: void setPrimaryDirectionalMotionAxisOverride-r2epLt8$ui(androidx.compose.ui.input.indirect.IndirectPointerEventPrimaryDirectionalMotionAxis)
androidx.compose.ui.platform.AndroidComposeView: androidx.compose.ui.contentcapture.AndroidContentCaptureManager getContentCaptureManager$ui()
androidx.core.view.WindowInsetsCompat$Impl20: androidx.core.graphics.Insets getInsets(int)
androidx.compose.ui.platform.AndroidComposeView: androidx.collection.MutableIntObjectMap getLayoutNodes()
androidx.core.app.RemoteActionCompatParcelizer: void write(androidx.core.app.RemoteActionCompat,androidx.versionedparcelable.VersionedParcel)
androidx.lifecycle.ReportFragment: ReportFragment()
androidx.core.view.WindowInsetsCompat$BuilderImpl29: void setTappableElementInsets(androidx.core.graphics.Insets)
androidx.core.view.WindowInsetsCompat$Impl: boolean isRound()
androidx.core.view.ViewCompat$Api28Impl: boolean isAccessibilityHeading(android.view.View)
androidx.core.view.WindowInsetsCompat$Impl29: WindowInsetsCompat$Impl29(androidx.core.view.WindowInsetsCompat,androidx.core.view.WindowInsetsCompat$Impl29)
androidx.compose.ui.platform.ComposeView: java.lang.CharSequence getAccessibilityClassName()
androidx.compose.ui.node.LayoutNode$LayoutState: androidx.compose.ui.node.LayoutNode$LayoutState[] values()
androidx.core.view.WindowInsetsCompat$Impl: androidx.core.graphics.Insets getInsets(int)
androidx.core.view.WindowInsetsCompat$Impl: WindowInsetsCompat$Impl(androidx.core.view.WindowInsetsCompat)
androidx.window.area.reflectionguard.WindowAreaComponentApi3Requirements: void addRearDisplayStatusListener(androidx.window.extensions.core.util.function.Consumer)
androidx.core.graphics.drawable.IconCompatParcelizer: IconCompatParcelizer()
androidx.compose.ui.platform.AbstractComposeView: void getComposeViewContext$ui$annotations()
androidx.compose.ui.platform.AndroidComposeView: androidx.compose.ui.geometry.Rect getEmbeddedViewFocusRect()
androidx.compose.ui.platform.AndroidComposeView: long getMeasureIteration()
androidx.core.view.WindowInsetsCompat$Impl30: void copyRootViewBounds(android.view.View)
androidx.lifecycle.LifecycleDispatcher$DispatcherActivityCallback: LifecycleDispatcher$DispatcherActivityCallback()
androidx.compose.animation.EnterExitState: androidx.compose.animation.EnterExitState[] values()
androidx.compose.ui.contentcapture.ContentCaptureEventType: androidx.compose.ui.contentcapture.ContentCaptureEventType[] values()
androidx.tracing.TraceApi29Impl: boolean isEnabled()
androidx.compose.ui.platform.AbstractComposeView: androidx.compose.ui.platform.ComposeViewContext getComposeViewContext$ui()
androidx.compose.ui.platform.AndroidComposeView: androidx.compose.ui.graphics.GraphicsContext getGraphicsContext()
androidx.compose.ui.platform.AndroidComposeView: androidx.compose.ui.node.OutOfFrameExecutor getOutOfFrameExecutor()
androidx.compose.ui.platform.AndroidComposeView: androidx.compose.ui.node.LayoutNodeDrawScope getSharedDrawScope()
androidx.compose.ui.graphics.layer.ViewLayer: androidx.compose.ui.graphics.CanvasHolder getCanvasHolder()
androidx.core.view.WindowInsetsCompat$Impl20: void setSystemUiVisibility(int)
androidx.core.view.WindowInsetsCompat$Impl: boolean isVisible(int)
androidx.compose.ui.platform.AndroidComposeView: void setCoroutineContext(kotlin.coroutines.CoroutineContext)
androidx.graphics.path.PathIteratorPreApi34Impl: long createInternalPathIterator(android.graphics.Path,int,float)
androidx.graphics.path.PathIteratorPreApi34Impl: int internalPathIteratorNext(long,float[],int)
androidx.compose.ui.platform.AndroidComposeView: androidx.compose.ui.layout.Placeable$PlacementScope getPlacementScope()
androidx.compose.ui.unit.InlineClassHelperKt: void throwIllegalArgumentException(java.lang.String)