app/build/outputs/mapping/release/mapping.txt
# compiler: R8
# compiler_version: 9.3.16
# min_api: 26
# common_typos_disable
# {"id":"com.android.tools.r8.mapping","version":"2.2"}
# pg_map_id: 49229a72eb72adcffea81a7fbf28a9887dfcb05f8f9cb8776491c13ab1fe1f81
# pg_map_hash: SHA-256 49229a72eb72adcffea81a7fbf28a9887dfcb05f8f9cb8776491c13ab1fe1f81
com.uncoalesced.stickykeys.DaggerStickyKeysApplication_HiltComponents_SingletonC$ActivityCBuilder -> R8$$REMOVED$$CLASS$$346:
# {"id":"sourceFile","fileName":"DaggerStickyKeysApplication_HiltComponents_SingletonC.java"}
com.uncoalesced.stickykeys.DaggerStickyKeysApplication_HiltComponents_SingletonC$ActivityCImpl -> gh:
# {"id":"sourceFile","fileName":"DaggerStickyKeysApplication_HiltComponents_SingletonC.java"}
    com.uncoalesced.stickykeys.DaggerStickyKeysApplication_HiltComponents_SingletonC$SingletonCImpl singletonCImpl -> a
      # {"id":"com.android.tools.r8.residualsignature","signature":"Ljh;"}
    com.uncoalesced.stickykeys.DaggerStickyKeysApplication_HiltComponents_SingletonC$ActivityRetainedCImpl activityRetainedCImpl -> b
      # {"id":"com.android.tools.r8.residualsignature","signature":"Lih;"}
    1:3:void com.uncoalesced.stickykeys.StickyKeysApplication_HiltComponents$ActivityC.<init>():187:187 -> <init>
    1:3:void <init>(com.uncoalesced.stickykeys.DaggerStickyKeysApplication_HiltComponents_SingletonC$SingletonCImpl,com.uncoalesced.stickykeys.DaggerStickyKeysApplication_HiltComponents_SingletonC$ActivityRetainedCImpl,android.app.Activity):366 -> <init>
      # {"id":"com.android.tools.r8.residualsignature","signature":"(Ljh;Lih;)V"}
    4:5:void <init>(com.uncoalesced.stickykeys.DaggerStickyKeysApplication_HiltComponents_SingletonC$SingletonCImpl,com.uncoalesced.stickykeys.DaggerStickyKeysApplication_HiltComponents_SingletonC$ActivityRetainedCImpl,android.app.Activity):367:367 -> <init>
com.uncoalesced.stickykeys.DaggerStickyKeysApplication_HiltComponents_SingletonC$ActivityRetainedCBuilder -> R8$$REMOVED$$CLASS$$347:
# {"id":"sourceFile","fileName":"DaggerStickyKeysApplication_HiltComponents_SingletonC.java"}
com.uncoalesced.stickykeys.DaggerStickyKeysApplication_HiltComponents_SingletonC$ActivityRetainedCImpl -> ih:
# {"id":"sourceFile","fileName":"DaggerStickyKeysApplication_HiltComponents_SingletonC.java"}
    com.uncoalesced.stickykeys.DaggerStickyKeysApplication_HiltComponents_SingletonC$SingletonCImpl singletonCImpl -> a
      # {"id":"com.android.tools.r8.residualsignature","signature":"Ljh;"}
    com.uncoalesced.stickykeys.DaggerStickyKeysApplication_HiltComponents_SingletonC$ActivityRetainedCImpl activityRetainedCImpl -> b
      # {"id":"com.android.tools.r8.residualsignature","signature":"Lih;"}
    dagger.internal.Provider provideActivityRetainedLifecycleProvider -> c
      # {"id":"com.android.tools.r8.residualsignature","signature":"Ltd0;"}
    1:3:void com.uncoalesced.stickykeys.StickyKeysApplication_HiltComponents$ActivityRetainedC.<init>():169:169 -> <init>
    1:3:void <init>(com.uncoalesced.stickykeys.DaggerStickyKeysApplication_HiltComponents_SingletonC$SingletonCImpl,dagger.hilt.android.internal.managers.SavedStateHandleHolder):511 -> <init>
      # {"id":"com.android.tools.r8.residualsignature","signature":"(Ljh;)V"}
    4:5:void <init>(com.uncoalesced.stickykeys.DaggerStickyKeysApplication_HiltComponents_SingletonC$SingletonCImpl,dagger.hilt.android.internal.managers.SavedStateHandleHolder):506:506 -> <init>
com.uncoalesced.stickykeys.DaggerStickyKeysApplication_HiltComponents_SingletonC$ActivityRetainedCImpl$SwitchingProvider -> hh:
# {"id":"sourceFile","fileName":"DaggerStickyKeysApplication_HiltComponents_SingletonC.java"}
    1:6:dagger.hilt.android.ActivityRetainedLifecycle dagger.hilt.android.internal.managers.ActivityRetainedComponentManager$LifecycleModule.provideActivityRetainedLifecycle():154:154 -> get
    1:6:dagger.hilt.android.ActivityRetainedLifecycle dagger.hilt.android.internal.managers.ActivityRetainedComponentManager_LifecycleModule_ProvideActivityRetainedLifecycleFactory.provideActivityRetainedLifecycle():39 -> get
    1:6:java.lang.Object get():552 -> get
com.uncoalesced.stickykeys.DaggerStickyKeysApplication_HiltComponents_SingletonC$Builder -> R8$$REMOVED$$CLASS$$348:
# {"id":"sourceFile","fileName":"DaggerStickyKeysApplication_HiltComponents_SingletonC.java"}
...
androidx.core.app.ComponentActivity -> R8$$REMOVED$$CLASS$$257:
# {"id":"sourceFile","fileName":"ComponentActivity.kt"}
androidx.core.app.CoreComponentFactory -> androidx.core.app.CoreComponentFactory:
# {"id":"sourceFile","fileName":"CoreComponentFactory.java"}
    1:4:void <init>():39:39 -> <init>
androidx.core.app.RemoteActionCompat -> androidx.core.app.RemoteActionCompat:
# {"id":"sourceFile","fileName":"RemoteActionCompat.java"}
    androidx.core.graphics.drawable.IconCompat mIcon -> a
    java.lang.CharSequence mTitle -> b
    java.lang.CharSequence mContentDescription -> c
    android.app.PendingIntent mActionIntent -> d
    boolean mEnabled -> e
    boolean mShouldShowIcon -> f
androidx.core.app.RemoteActionCompatParcelizer -> androidx.core.app.RemoteActionCompatParcelizer:
# {"id":"sourceFile","fileName":"RemoteActionCompatParcelizer.java"}
    1:4:void <init>():8:8 -> <init>
    1:2:androidx.core.app.RemoteActionCompat read(androidx.versionedparcelable.VersionedParcel):11:11 -> read
      # {"id":"com.android.tools.r8.residualsignature","signature":"(Lvs0;)Landroidx/core/app/RemoteActionCompat;"}
    3:5:void androidx.core.app.RemoteActionCompat.<init>():94:94 -> read
    3:5:androidx.core.app.RemoteActionCompat read(androidx.versionedparcelable.VersionedParcel):11 -> read
    6:8:androidx.core.app.RemoteActionCompat read(androidx.versionedparcelable.VersionedParcel):12:12 -> read
    9:15:androidx.versionedparcelable.VersionedParcelable androidx.versionedparcelable.VersionedParcel.readVersionedParcelable(androidx.versionedparcelable.VersionedParcelable,int):1493:1493 -> read
    9:15:androidx.core.app.RemoteActionCompat read(androidx.versionedparcelable.VersionedParcel):12 -> read
      # {"id":"com.android.tools.r8.rewriteFrame","conditions":["throws(Ljava/lang/NullPointerException;)"],"actions":["removeInnerFrames(1)"]}
    16:19:androidx.versionedparcelable.VersionedParcelable androidx.versionedparcelable.VersionedParcel.readVersionedParcelable(androidx.versionedparcelable.VersionedParcelable,int):1496:1496 -> read
    16:19:androidx.core.app.RemoteActionCompat read(androidx.versionedparcelable.VersionedParcel):12 -> read
androidx.core.app.TaskStackBuilder -> R8$$REMOVED$$CLASS$$258:
# {"id":"sourceFile","fileName":"TaskStackBuilder.java"}
androidx.core.content.ContextCompat -> R8$$REMOVED$$CLASS$$259:
# {"id":"sourceFile","fileName":"ContextCompat.java"}
androidx.core.content.res.FontResourcesParserCompat$Api21Impl -> R8$$REMOVED$$CLASS$$260:
# {"id":"sourceFile","fileName":"FontResourcesParserCompat.java"}