app/build/outputs/mapping/release/usage.txt
com.uncoalesced.stickykeys.ComposableSingletons$MainActivityKt:
    public final kotlin.jvm.functions.Function2 getLambda$-1012924050$app()
com.uncoalesced.stickykeys.DaggerStickyKeysApplication_HiltComponents_SingletonC$ActivityCImpl:
    public dagger.hilt.android.internal.builders.FragmentComponentBuilder fragmentComponentBuilder()
    public dagger.hilt.android.internal.builders.ViewComponentBuilder viewComponentBuilder()
com.uncoalesced.stickykeys.DaggerStickyKeysApplication_HiltComponents_SingletonC$FragmentCBuilder
com.uncoalesced.stickykeys.DaggerStickyKeysApplication_HiltComponents_SingletonC$FragmentCImpl
com.uncoalesced.stickykeys.DaggerStickyKeysApplication_HiltComponents_SingletonC$ServiceCBuilder
com.uncoalesced.stickykeys.DaggerStickyKeysApplication_HiltComponents_SingletonC$ServiceCImpl
com.uncoalesced.stickykeys.DaggerStickyKeysApplication_HiltComponents_SingletonC$SingletonCImpl:
    public java.util.Set getDisableFragmentGetContextFix()
    public dagger.hilt.android.internal.builders.ServiceComponentBuilder serviceComponentBuilder()
com.uncoalesced.stickykeys.DaggerStickyKeysApplication_HiltComponents_SingletonC$ViewCBuilder
com.uncoalesced.stickykeys.DaggerStickyKeysApplication_HiltComponents_SingletonC$ViewCImpl
com.uncoalesced.stickykeys.DaggerStickyKeysApplication_HiltComponents_SingletonC$ViewWithFragmentCBuilder
com.uncoalesced.stickykeys.DaggerStickyKeysApplication_HiltComponents_SingletonC$ViewWithFragmentCImpl
com.uncoalesced.stickykeys.DaggerStickyKeysApplication_HiltComponents_SingletonC:
    private void <init>()
    public static com.uncoalesced.stickykeys.StickyKeysApplication_HiltComponents$SingletonC create()
com.uncoalesced.stickykeys.Hilt_MainActivity:
    void <init>(int)
    public synthetic bridge dagger.hilt.internal.GeneratedComponentManager componentManager()
com.uncoalesced.stickykeys.Hilt_StickyKeysApplication:
    public synthetic bridge dagger.hilt.internal.GeneratedComponentManager componentManager()
com.uncoalesced.stickykeys.R$style
com.uncoalesced.stickykeys.R
com.uncoalesced.stickykeys.StickyKeysApplication_ComponentTreeDeps
com.uncoalesced.stickykeys.StickyKeysApplication_HiltComponents$ActivityC$Builder
com.uncoalesced.stickykeys.StickyKeysApplication_HiltComponents$ActivityCBuilderModule
com.uncoalesced.stickykeys.StickyKeysApplication_HiltComponents$ActivityRetainedC$Builder
com.uncoalesced.stickykeys.StickyKeysApplication_HiltComponents$ActivityRetainedCBuilderModule
com.uncoalesced.stickykeys.StickyKeysApplication_HiltComponents$FragmentC$Builder
com.uncoalesced.stickykeys.StickyKeysApplication_HiltComponents$FragmentC
com.uncoalesced.stickykeys.StickyKeysApplication_HiltComponents$FragmentCBuilderModule
com.uncoalesced.stickykeys.StickyKeysApplication_HiltComponents$ServiceC$Builder
com.uncoalesced.stickykeys.StickyKeysApplication_HiltComponents$ServiceC
com.uncoalesced.stickykeys.StickyKeysApplication_HiltComponents$ServiceCBuilderModule
com.uncoalesced.stickykeys.StickyKeysApplication_HiltComponents$ViewC$Builder
com.uncoalesced.stickykeys.StickyKeysApplication_HiltComponents$ViewC
com.uncoalesced.stickykeys.StickyKeysApplication_HiltComponents$ViewCBuilderModule
com.uncoalesced.stickykeys.StickyKeysApplication_HiltComponents$ViewModelC$Builder
com.uncoalesced.stickykeys.StickyKeysApplication_HiltComponents$ViewModelCBuilderModule
com.uncoalesced.stickykeys.StickyKeysApplication_HiltComponents$ViewWithFragmentC$Builder
com.uncoalesced.stickykeys.StickyKeysApplication_HiltComponents$ViewWithFragmentC
com.uncoalesced.stickykeys.StickyKeysApplication_HiltComponents$ViewWithFragmentCBuilderModule
com.uncoalesced.stickykeys.StickyKeysApplication_HiltComponents
com.uncoalesced.stickykeys.keyboardcore.R
com.uncoalesced.stickykeys.stickercore.R
com.uncoalesced.stickykeys.transfer.R
...
androidx.compose.ui.text.input.ImeAction$Companion:
    public static synthetic void getDefault-eUduSuo$annotations()
    public static synthetic void getDone-eUduSuo$annotations()
    public static synthetic void getGo-eUduSuo$annotations()
    public static synthetic void getNext-eUduSuo$annotations()
    public static synthetic void getNone-eUduSuo$annotations()
    public static synthetic void getPrevious-eUduSuo$annotations()
    public static synthetic void getSearch-eUduSuo$annotations()
    public static synthetic void getSend-eUduSuo$annotations()
    public final int getUnspecified-eUduSuo()
    public static synthetic void getUnspecified-eUduSuo$annotations()
androidx.compose.ui.text.input.ImeAction:
    public static final synthetic int access$getUnspecified$cp()
androidx.compose.ui.text.input.ImeOptions:
    public static final int $stable
    private void <init>(boolean,int,boolean,int,int)
    public synthetic void <init>(boolean,int,boolean,int,int,int,kotlin.jvm.internal.DefaultConstructorMarker)
    private void <init>(boolean,int,boolean,int,int,androidx.compose.ui.text.input.PlatformImeOptions)
    public synthetic void <init>(boolean,int,boolean,int,int,androidx.compose.ui.text.input.PlatformImeOptions,int,kotlin.jvm.internal.DefaultConstructorMarker)
    public synthetic void <init>(boolean,int,boolean,int,int,androidx.compose.ui.text.input.PlatformImeOptions,kotlin.jvm.internal.DefaultConstructorMarker)
    public synthetic void <init>(boolean,int,boolean,int,int,kotlin.jvm.internal.DefaultConstructorMarker)
    public final synthetic androidx.compose.ui.text.input.ImeOptions copy-YTHSh70(boolean,int,boolean,int,int,androidx.compose.ui.text.input.PlatformImeOptions)
    public static synthetic androidx.compose.ui.text.input.ImeOptions copy-YTHSh70$default(androidx.compose.ui.text.input.ImeOptions,boolean,int,boolean,int,int,androidx.compose.ui.text.input.PlatformImeOptions,int,java.lang.Object)
    public final synthetic androidx.compose.ui.text.input.ImeOptions copy-uxg59PA(boolean,int,boolean,int,int)
    public static synthetic androidx.compose.ui.text.input.ImeOptions copy-uxg59PA$default(androidx.compose.ui.text.input.ImeOptions,boolean,int,boolean,int,int,int,java.lang.Object)
androidx.compose.ui.text.input.InputEventCallback
androidx.compose.ui.text.input.InputMethodManager:
    public abstract void hideSoftInput()
    public abstract void restartInput()
    public abstract void showSoftInput()
    public abstract void updateExtractedText(int,android.view.inputmethod.ExtractedText)
    public abstract void updateSelection(int,int,int,int)
androidx.compose.ui.text.input.InputMethodManagerImpl:
    public void hideSoftInput()
    public void restartInput()
    public void showSoftInput()
    public void updateExtractedText(int,android.view.inputmethod.ExtractedText)
    public void updateSelection(int,int,int,int)
androidx.compose.ui.text.input.KeyboardCapitalization$Companion:
    public static synthetic void getCharacters-IUNYP9k$annotations()
    public static synthetic void getNone-IUNYP9k$annotations()
    public static synthetic void getSentences-IUNYP9k$annotations()
    public final int getUnspecified-IUNYP9k()
    public static synthetic void getUnspecified-IUNYP9k$annotations()
    public static synthetic void getWords-IUNYP9k$annotations()
androidx.compose.ui.text.input.KeyboardCapitalization:
    private final int value
    private synthetic void <init>(int)
    public static final synthetic int access$getUnspecified$cp()
    public static final synthetic androidx.compose.ui.text.input.KeyboardCapitalization box-impl(int)
    public boolean equals(java.lang.Object)
    public static boolean equals-impl(int,java.lang.Object)
    public int hashCode()
    public java.lang.String toString()
    public final synthetic int unbox-impl()